[18:42:30] [main/INFO]: Setting user: ForgeDevName
[18:42:32] [Client thread/INFO]: LWJGL Version: 2.9.1
[18:42:37] [Client thread/INFO]: Reloading ResourceManager: Default, FMLFileResourcePack:Forge Mod Loader, FMLFileResourcePack:Minecraft Forge, FMLFileResourcePack:Additional Ores
[18:42:38] [Sound Library Loader/INFO]: Sound engine started
[18:42:40] [Client thread/INFO]: Created: 512x256 textures/blocks-atlas
[18:42:40] [Client thread/INFO]: Created: 512x256 textures/items-atlas
[18:42:40] [Client thread/INFO]: Reloading ResourceManager: Default, FMLFileResourcePack:Forge Mod Loader, FMLFileResourcePack:Minecraft Forge, FMLFileResourcePack:Additional Ores
[18:42:40] [Client thread/INFO]: Created: 512x256 textures/items-atlas
[18:42:42] [Client thread/INFO]: Created: 2048x1024 textures/blocks-atlas
[18:42:42] [Sound Library Loader/INFO]: Sound engine started
[18:44:32] [Server thread/INFO]: Starting integrated minecraft server version 1.7.10
[18:44:32] [Server thread/INFO]: Generating keypair
[18:44:32] [Server thread/INFO]: Preparing start region for level 0
[18:44:33] [Server thread/INFO]: Preparing spawn area: 27%
[18:44:34] [Server thread/INFO]: Changing view distance to 4, from 10
[18:44:35] [Server thread/INFO]: ForgeDevName[local:E:9b6bdb1b] logged in with entity id 252 at (-17.5123035622337, 70.0, 233.99583612676815)
[18:44:35] [Server thread/INFO]: ForgeDevName joined the game
[18:44:35] [Server thread/INFO]: Saving and pausing game...
[18:44:35] [Server thread/INFO]: Saving chunks for level 'New World30'/Overworld
[18:44:35] [Server thread/INFO]: Saving chunks for level 'New World30'/Nether
[18:44:35] [Server thread/INFO]: Saving chunks for level 'New World30'/The End
[18:46:04] [Server thread/INFO]: Saving and pausing game...
[18:46:04] [Server thread/INFO]: Saving chunks for level 'New World30'/Overworld
[18:46:04] [Server thread/INFO]: Saving chunks for level 'New World30'/Nether
[18:46:04] [Server thread/INFO]: Saving chunks for level 'New World30'/The End
[18:46:08] [Server thread/INFO]: [ForgeDevName: Set the time to 0]
[18:46:08] [Client thread/INFO]: [CHAT] Set the time to 0
[18:46:11] [Server thread/INFO]: Saving and pausing game...
[18:46:11] [Server thread/INFO]: Saving chunks for level 'New World30'/Overworld
[18:46:11] [Server thread/INFO]: Saving chunks for level 'New World30'/Nether
[18:46:11] [Server thread/INFO]: Saving chunks for level 'New World30'/The End
[18:46:12] [Server thread/INFO]: Stopping server
[18:46:12] [Server thread/INFO]: Saving players
[18:46:12] [Server thread/INFO]: Saving worlds
[18:46:12] [Server thread/INFO]: Saving chunks for level 'New World30'/Overworld
[18:46:12] [Server thread/INFO]: Saving chunks for level 'New World30'/Nether
[18:46:12] [Server thread/INFO]: Saving chunks for level 'New World30'/The End
[18:46:13] [Client thread/INFO]: Stopping!
